build/Android_Qt_6_9_1_Clang_arm64_v8a-Release/android-build/build/intermediates/manifest_merge_blame_file/release/manifest-merger-blame-release-report.txt
1<?xml version="1.0" encoding="utf-8"?>
2<manifest xmlns:android="http://schemas.android.com/apk/res/android"
3    package="org.qtproject.example.lowenergyscanner"
4    android:installLocation="auto"
5    android:versionCode="1"
6    android:versionName="1.0" >
7
8    <uses-sdk
8-->Android_Qt_6_9_1_Clang_arm64_v8a-Release/android-build/AndroidManifest.xml:3:5-73
9        android:minSdkVersion="24"
9-->Android_Qt_6_9_1_Clang_arm64_v8a-Release/android-build/AndroidManifest.xml:3:15-41
10        android:targetSdkVersion="34" />
10-->Android_Qt_6_9_1_Clang_arm64_v8a-Release/android-build/AndroidManifest.xml:3:42-71
11
12    <supports-screens
12-->Android_Qt_6_9_1_Clang_arm64_v8a-Release/android-build/AndroidManifest.xml:5:5-163
13        android:anyDensity="true"
13-->Android_Qt_6_9_1_Clang_arm64_v8a-Release/android-build/AndroidManifest.xml:5:23-48
14        android:keepScreenOn="true"
14-->Android_Qt_6_9_1_Clang_arm64_v8a-Release/android-build/AndroidManifest.xml:5:77-104
15        android:largeScreens="true"
15-->Android_Qt_6_9_1_Clang_arm64_v8a-Release/android-build/AndroidManifest.xml:5:49-76
16        android:normalScreens="true"
16-->Android_Qt_6_9_1_Clang_arm64_v8a-Release/android-build/AndroidManifest.xml:5:105-133
17        android:smallScreens="true" />
17-->Android_Qt_6_9_1_Clang_arm64_v8a-Release/android-build/AndroidManifest.xml:5:134-161
18
19    <uses-permission android:name="android.permission.INTERNET" />
19-->Android_Qt_6_9_1_Clang_arm64_v8a-Release/android-build/AndroidManifest.xml:47:5-66
19-->Android_Qt_6_9_1_Clang_arm64_v8a-Release/android-build/AndroidManifest.xml:47:22-64
20    <uses-permission android:name="android.permission.WRITE_INTERNAL_STORAGE" />
20-->Android_Qt_6_9_1_Clang_arm64_v8a-Release/android-build/AndroidManifest.xml:49:5-80
20-->Android_Qt_6_9_1_Clang_arm64_v8a-Release/android-build/AndroidManifest.xml:49:22-78
21    <uses-permission android:name="android.permission.WRITE_EXTERNAL_STORAGE" />
21-->Android_Qt_6_9_1_Clang_arm64_v8a-Release/android-build/AndroidManifest.xml:50:5-80
21-->Android_Qt_6_9_1_Clang_arm64_v8a-Release/android-build/AndroidManifest.xml:50:22-78
22    <uses-permission android:name="android.permission.READ_EXTERNAL_STORAGE" />
22-->Android_Qt_6_9_1_Clang_arm64_v8a-Release/android-build/AndroidManifest.xml:51:5-79
22-->Android_Qt_6_9_1_Clang_arm64_v8a-Release/android-build/AndroidManifest.xml:51:22-77
23    <uses-permission android:name="android.permission.READ_FRAME_BUFFER" />
23-->Android_Qt_6_9_1_Clang_arm64_v8a-Release/android-build/AndroidManifest.xml:52:5-75
23-->Android_Qt_6_9_1_Clang_arm64_v8a-Release/android-build/AndroidManifest.xml:52:22-73
24    <uses-permission android:name="android.permission.ACCESS_NETWORK_STATE" />
24-->Android_Qt_6_9_1_Clang_arm64_v8a-Release/android-build/AndroidManifest.xml:54:5-78
24-->Android_Qt_6_9_1_Clang_arm64_v8a-Release/android-build/AndroidManifest.xml:54:22-76
25    <uses-permission android:name="android.permission.ACCESS_FINE_LOCATION" />
25-->Android_Qt_6_9_1_Clang_arm64_v8a-Release/android-build/AndroidManifest.xml:55:5-78
25-->Android_Qt_6_9_1_Clang_arm64_v8a-Release/android-build/AndroidManifest.xml:55:22-76
26    <uses-permission android:name="android.permission.FOREGROUND_SERVICE" />
26-->Android_Qt_6_9_1_Clang_arm64_v8a-Release/android-build/AndroidManifest.xml:56:5-76
26-->Android_Qt_6_9_1_Clang_arm64_v8a-Release/android-build/AndroidManifest.xml:56:22-74
27    <uses-permission android:name="android.permission.ACCESS_WIFI_STATE" />
27-->Android_Qt_6_9_1_Clang_arm64_v8a-Release/android-build/AndroidManifest.xml:57:5-75
27-->Android_Qt_6_9_1_Clang_arm64_v8a-Release/android-build/AndroidManifest.xml:57:22-73
28    <uses-permission android:name="android.permission.USE_PERIPHERAL_IO" />
28-->Android_Qt_6_9_1_Clang_arm64_v8a-Release/android-build/AndroidManifest.xml:58:5-75
28-->Android_Qt_6_9_1_Clang_arm64_v8a-Release/android-build/AndroidManifest.xml:58:22-73
29    <uses-permission android:name="android.hardware.usb.action.USB_DEVICE_ATTACHED" />
29-->Android_Qt_6_9_1_Clang_arm64_v8a-Release/android-build/AndroidManifest.xml:59:5-86
29-->Android_Qt_6_9_1_Clang_arm64_v8a-Release/android-build/AndroidManifest.xml:59:22-84
30    <uses-permission android:name="android.permission.WAKE_LOCK" />
30-->Android_Qt_6_9_1_Clang_arm64_v8a-Release/android-build/AndroidManifest.xml:60:5-67
30-->Android_Qt_6_9_1_Clang_arm64_v8a-Release/android-build/AndroidManifest.xml:60:22-65
31    <uses-permission android:name="android.permission.CAMERA" />
31-->Android_Qt_6_9_1_Clang_arm64_v8a-Release/android-build/AndroidManifest.xml:61:5-64
31-->Android_Qt_6_9_1_Clang_arm64_v8a-Release/android-build/AndroidManifest.xml:61:22-62
32    <uses-permission android:name="android.permission.CLEAR_APP_CACHE" />
32-->Android_Qt_6_9_1_Clang_arm64_v8a-Release/android-build/AndroidManifest.xml:62:5-73
32-->Android_Qt_6_9_1_Clang_arm64_v8a-Release/android-build/AndroidManifest.xml:62:22-71
33    <uses-permission android:name="android.permission.BLUETOOTH_SCAN" />
33-->Android_Qt_6_9_1_Clang_arm64_v8a-Release/android-build/AndroidManifest.xml:64:5-72
33-->Android_Qt_6_9_1_Clang_arm64_v8a-Release/android-build/AndroidManifest.xml:64:22-70
34    <uses-permission android:name="android.permission.BLUETOOTH_ADVERTISE" />
34-->Android_Qt_6_9_1_Clang_arm64_v8a-Release/android-build/AndroidManifest.xml:65:5-77
34-->Android_Qt_6_9_1_Clang_arm64_v8a-Release/android-build/AndroidManifest.xml:65:22-75
35    <uses-permission android:name="android.permission.BLUETOOTH_CONNECT" />
35-->Android_Qt_6_9_1_Clang_arm64_v8a-Release/android-build/AndroidManifest.xml:66:5-75
35-->Android_Qt_6_9_1_Clang_arm64_v8a-Release/android-build/AndroidManifest.xml:66:22-73
36    <uses-permission android:name="android.permission.BLUETOOTH_ADMIN" />
36-->Android_Qt_6_9_1_Clang_arm64_v8a-Release/android-build/AndroidManifest.xml:67:5-73
36-->Android_Qt_6_9_1_Clang_arm64_v8a-Release/android-build/AndroidManifest.xml:67:22-71
37    <uses-permission android:name="android.permission.BLUETOOTH" />
37-->Android_Qt_6_9_1_Clang_arm64_v8a-Release/android-build/AndroidManifest.xml:68:5-67
37-->Android_Qt_6_9_1_Clang_arm64_v8a-Release/android-build/AndroidManifest.xml:68:22-65
38    <uses-permission android:name="android.permission.SYSTEM_ALERT_WINDOW" />
38-->Android_Qt_6_9_1_Clang_arm64_v8a-Release/android-build/AndroidManifest.xml:70:5-77
38-->Android_Qt_6_9_1_Clang_arm64_v8a-Release/android-build/AndroidManifest.xml:70:22-75
39    <uses-permission android:name="android.permission.WRITE_SETTINGS" />
39-->Android_Qt_6_9_1_Clang_arm64_v8a-Release/android-build/AndroidManifest.xml:71:5-72
39-->Android_Qt_6_9_1_Clang_arm64_v8a-Release/android-build/AndroidManifest.xml:71:22-70
40    <uses-permission android:name="android.permission.WRITE_SECURE_SETTINGS" />
40-->Android_Qt_6_9_1_Clang_arm64_v8a-Release/android-build/AndroidManifest.xml:72:5-79
40-->Android_Qt_6_9_1_Clang_arm64_v8a-Release/android-build/AndroidManifest.xml:72:22-77
41    <uses-permission android:name="android.permission.WRITE_USER_DICTIONARY" />
41-->Android_Qt_6_9_1_Clang_arm64_v8a-Release/android-build/AndroidManifest.xml:74:1-75
41-->Android_Qt_6_9_1_Clang_arm64_v8a-Release/android-build/AndroidManifest.xml:74:18-73
42    <uses-permission android:name="android.permission.MODIFY_AUDIO_SETTINGS" />
42-->Android_Qt_6_9_1_Clang_arm64_v8a-Release/android-build/AndroidManifest.xml:75:1-77
42-->Android_Qt_6_9_1_Clang_arm64_v8a-Release/android-build/AndroidManifest.xml:75:18-73
43    <uses-permission android:name="android.permission.RECORD_AUDIO" />
43-->Android_Qt_6_9_1_Clang_arm64_v8a-Release/android-build/AndroidManifest.xml:76:5-72
43-->Android_Qt_6_9_1_Clang_arm64_v8a-Release/android-build/AndroidManifest.xml:76:22-68
44
45    <application
45-->Android_Qt_6_9_1_Clang_arm64_v8a-Release/android-build/AndroidManifest.xml:6:5-45:19
46        android:name="org.qtproject.qt.android.bindings.QtApplication"
46-->Android_Qt_6_9_1_Clang_arm64_v8a-Release/android-build/AndroidManifest.xml:6:18-80
47        android:allowBackup="true"
47-->Android_Qt_6_9_1_Clang_arm64_v8a-Release/android-build/AndroidManifest.xml:6:177-203
48        android:appComponentFactory="androidx.core.app.CoreComponentFactory"
48-->[androidx.core:core:1.1.0] AndroidManifest.xml:24:18-86
49        android:fullBackupOnly="false"
49-->Android_Qt_6_9_1_Clang_arm64_v8a-Release/android-build/AndroidManifest.xml:6:204-234
50        android:hardwareAccelerated="true"
50-->Android_Qt_6_9_1_Clang_arm64_v8a-Release/android-build/AndroidManifest.xml:6:81-115
51        android:icon="@drawable/icon"
51-->Android_Qt_6_9_1_Clang_arm64_v8a-Release/android-build/AndroidManifest.xml:6:235-264
52        android:keepScreenOn="true"
52-->Android_Qt_6_9_1_Clang_arm64_v8a-Release/android-build/AndroidManifest.xml:6:116-143
53        android:label="lowenergyscanner" >
53-->Android_Qt_6_9_1_Clang_arm64_v8a-Release/android-build/AndroidManifest.xml:6:144-176
54        <activity
54-->Android_Qt_6_9_1_Clang_arm64_v8a-Release/android-build/AndroidManifest.xml:7:9-36:20
55            android:name="org.qtproject.qt.android.bindings.QtActivity"
55-->Android_Qt_6_9_1_Clang_arm64_v8a-Release/android-build/AndroidManifest.xml:7:19-78
56            android:configChanges="orientation|uiMode|screenLayout|screenSize|smallestScreenSize|layoutDirection|locale|fontScale|keyboard|keyboardHidden|navigation|mcc|mnc|density"
56-->Android_Qt_6_9_1_Clang_arm64_v8a-Release/android-build/AndroidManifest.xml:7:79-248
57            android:exported="true"
57-->Android_Qt_6_9_1_Clang_arm64_v8a-Release/android-build/AndroidManifest.xml:7:341-364
58            android:keepScreenOn="true"
58-->Android_Qt_6_9_1_Clang_arm64_v8a-Release/android-build/AndroidManifest.xml:7:282-309
59            android:label="lowenergyscanner"
59-->Android_Qt_6_9_1_Clang_arm64_v8a-Release/android-build/AndroidManifest.xml:7:249-281
60            android:launchMode="singleTop"
60-->Android_Qt_6_9_1_Clang_arm64_v8a-Release/android-build/AndroidManifest.xml:7:310-340
61            android:screenOrientation="landscape"
61-->Android_Qt_6_9_1_Clang_arm64_v8a-Release/android-build/AndroidManifest.xml:7:365-402
62            android:theme="@style/splashScreenTheme" >
62-->Android_Qt_6_9_1_Clang_arm64_v8a-Release/android-build/AndroidManifest.xml:7:403-443
63            <intent-filter>
63-->Android_Qt_6_9_1_Clang_arm64_v8a-Release/android-build/AndroidManifest.xml:8:13-13:29
64                <action android:name="android.intent.action.MAIN" />
64-->Android_Qt_6_9_1_Clang_arm64_v8a-Release/android-build/AndroidManifest.xml:9:17-68
64-->Android_Qt_6_9_1_Clang_arm64_v8a-Release/android-build/AndroidManifest.xml:9:25-66
65
66                <category android:name="android.intent.category.LAUNCHER" />
66-->Android_Qt_6_9_1_Clang_arm64_v8a-Release/android-build/AndroidManifest.xml:10:17-76
66-->Android_Qt_6_9_1_Clang_arm64_v8a-Release/android-build/AndroidManifest.xml:10:27-74
67
68                <action android:name="android.hardware.usb.action.USB_DEVICE_ATTACHED" />
68-->Android_Qt_6_9_1_Clang_arm64_v8a-Release/android-build/AndroidManifest.xml:11:17-89
68-->Android_Qt_6_9_1_Clang_arm64_v8a-Release/android-build/AndroidManifest.xml:11:25-87
69                <action android:name="android.hardware.usb.action.INTENT_ACTION_USB_PERMISSION" />
69-->Android_Qt_6_9_1_Clang_arm64_v8a-Release/android-build/AndroidManifest.xml:12:17-98
69-->Android_Qt_6_9_1_Clang_arm64_v8a-Release/android-build/AndroidManifest.xml:12:25-96
70            </intent-filter>
71
72            <meta-data
72-->Android_Qt_6_9_1_Clang_arm64_v8a-Release/android-build/AndroidManifest.xml:14:13-126
73                android:name="android.hardware.usb.action.USB_DEVICE_ATTACHED"
73-->Android_Qt_6_9_1_Clang_arm64_v8a-Release/android-build/AndroidManifest.xml:14:24-86
74                android:resource="@xml/device_filter" />
74-->Android_Qt_6_9_1_Clang_arm64_v8a-Release/android-build/AndroidManifest.xml:14:87-124
75            <meta-data
75-->Android_Qt_6_9_1_Clang_arm64_v8a-Release/android-build/AndroidManifest.xml:15:13-94
76                android:name="android.app.lib_name"
76-->Android_Qt_6_9_1_Clang_arm64_v8a-Release/android-build/AndroidManifest.xml:15:24-59
77                android:value="lowenergyscanner" />
77-->Android_Qt_6_9_1_Clang_arm64_v8a-Release/android-build/AndroidManifest.xml:15:60-92
78            <meta-data
78-->Android_Qt_6_9_1_Clang_arm64_v8a-Release/android-build/AndroidManifest.xml:16:13-79
79                android:name="android.app.arguments"
79-->Android_Qt_6_9_1_Clang_arm64_v8a-Release/android-build/AndroidManifest.xml:16:24-60
80                android:value="" />
80-->Android_Qt_6_9_1_Clang_arm64_v8a-Release/android-build/AndroidManifest.xml:16:61-77
81            <meta-data
81-->Android_Qt_6_9_1_Clang_arm64_v8a-Release/android-build/AndroidManifest.xml:17:13-98
82                android:name="android.app.extract_android_style"
82-->Android_Qt_6_9_1_Clang_arm64_v8a-Release/android-build/AndroidManifest.xml:17:24-72
83                android:value="minimal" />
83-->Android_Qt_6_9_1_Clang_arm64_v8a-Release/android-build/AndroidManifest.xml:17:73-96
84            <meta-data
84-->Android_Qt_6_9_1_Clang_arm64_v8a-Release/android-build/AndroidManifest.xml:18:13-117
85                android:name="android.app.splash_screen_drawable"
85-->Android_Qt_6_9_1_Clang_arm64_v8a-Release/android-build/AndroidManifest.xml:18:24-73
86                android:resource="@drawable/splashscreen" />
86-->Android_Qt_6_9_1_Clang_arm64_v8a-Release/android-build/AndroidManifest.xml:18:74-115
87            <meta-data
87-->Android_Qt_6_9_1_Clang_arm64_v8a-Release/android-build/AndroidManifest.xml:19:13-131
88                android:name="android.app.splash_screen_drawable_portrait"
88-->Android_Qt_6_9_1_Clang_arm64_v8a-Release/android-build/AndroidManifest.xml:19:24-82
89                android:resource="@drawable/splashscreen_port" />
89-->Android_Qt_6_9_1_Clang_arm64_v8a-Release/android-build/AndroidManifest.xml:19:83-129
90            <meta-data
90-->Android_Qt_6_9_1_Clang_arm64_v8a-Release/android-build/AndroidManifest.xml:20:13-132
91                android:name="android.app.splash_screen_drawable_landscape"
91-->Android_Qt_6_9_1_Clang_arm64_v8a-Release/android-build/AndroidManifest.xml:20:24-83
92                android:resource="@drawable/splashscreen_land" />
92-->Android_Qt_6_9_1_Clang_arm64_v8a-Release/android-build/AndroidManifest.xml:20:84-130
93            <meta-data
93-->Android_Qt_6_9_1_Clang_arm64_v8a-Release/android-build/AndroidManifest.xml:18:13-117
94                android:name="android.app.splash_screen_drawable"
94-->Android_Qt_6_9_1_Clang_arm64_v8a-Release/android-build/AndroidManifest.xml:18:24-73
95                android:resource="@drawable/splashscreen" />
95-->Android_Qt_6_9_1_Clang_arm64_v8a-Release/android-build/AndroidManifest.xml:18:74-115
96            <meta-data
96-->Android_Qt_6_9_1_Clang_arm64_v8a-Release/android-build/AndroidManifest.xml:19:13-131
97                android:name="android.app.splash_screen_drawable_portrait"
97-->Android_Qt_6_9_1_Clang_arm64_v8a-Release/android-build/AndroidManifest.xml:19:24-82
98                android:resource="@drawable/splashscreen_port" />
98-->Android_Qt_6_9_1_Clang_arm64_v8a-Release/android-build/AndroidManifest.xml:19:83-129
99            <meta-data
99-->Android_Qt_6_9_1_Clang_arm64_v8a-Release/android-build/AndroidManifest.xml:20:13-132
100                android:name="android.app.splash_screen_drawable_landscape"
100-->Android_Qt_6_9_1_Clang_arm64_v8a-Release/android-build/AndroidManifest.xml:20:24-83
101                android:resource="@drawable/splashscreen_land" />
101-->Android_Qt_6_9_1_Clang_arm64_v8a-Release/android-build/AndroidManifest.xml:20:84-130
102            <meta-data
102-->Android_Qt_6_9_1_Clang_arm64_v8a-Release/android-build/AndroidManifest.xml:18:13-117
103                android:name="android.app.splash_screen_drawable"
103-->Android_Qt_6_9_1_Clang_arm64_v8a-Release/android-build/AndroidManifest.xml:18:24-73
104                android:resource="@drawable/splashscreen" />
104-->Android_Qt_6_9_1_Clang_arm64_v8a-Release/android-build/AndroidManifest.xml:18:74-115
105            <meta-data
105-->Android_Qt_6_9_1_Clang_arm64_v8a-Release/android-build/AndroidManifest.xml:19:13-131
106                android:name="android.app.splash_screen_drawable_portrait"
106-->Android_Qt_6_9_1_Clang_arm64_v8a-Release/android-build/AndroidManifest.xml:19:24-82
107                android:resource="@drawable/splashscreen_port" />
107-->Android_Qt_6_9_1_Clang_arm64_v8a-Release/android-build/AndroidManifest.xml:19:83-129
108            <meta-data
108-->Android_Qt_6_9_1_Clang_arm64_v8a-Release/android-build/AndroidManifest.xml:20:13-132
109                android:name="android.app.splash_screen_drawable_landscape"
109-->Android_Qt_6_9_1_Clang_arm64_v8a-Release/android-build/AndroidManifest.xml:20:24-83
110                android:resource="@drawable/splashscreen_land" />
110-->Android_Qt_6_9_1_Clang_arm64_v8a-Release/android-build/AndroidManifest.xml:20:84-130
111            <meta-data
111-->Android_Qt_6_9_1_Clang_arm64_v8a-Release/android-build/AndroidManifest.xml:18:13-117
112                android:name="android.app.splash_screen_drawable"
112-->Android_Qt_6_9_1_Clang_arm64_v8a-Release/android-build/AndroidManifest.xml:18:24-73
113                android:resource="@drawable/splashscreen" />
113-->Android_Qt_6_9_1_Clang_arm64_v8a-Release/android-build/AndroidManifest.xml:18:74-115
114            <meta-data
114-->Android_Qt_6_9_1_Clang_arm64_v8a-Release/android-build/AndroidManifest.xml:19:13-131
115                android:name="android.app.splash_screen_drawable_portrait"
115-->Android_Qt_6_9_1_Clang_arm64_v8a-Release/android-build/AndroidManifest.xml:19:24-82
116                android:resource="@drawable/splashscreen_port" />
116-->Android_Qt_6_9_1_Clang_arm64_v8a-Release/android-build/AndroidManifest.xml:19:83-129
117            <meta-data
117-->Android_Qt_6_9_1_Clang_arm64_v8a-Release/android-build/AndroidManifest.xml:20:13-132
118                android:name="android.app.splash_screen_drawable_landscape"
118-->Android_Qt_6_9_1_Clang_arm64_v8a-Release/android-build/AndroidManifest.xml:20:24-83
119                android:resource="@drawable/splashscreen_land" />
119-->Android_Qt_6_9_1_Clang_arm64_v8a-Release/android-build/AndroidManifest.xml:20:84-130
120            <meta-data
120-->Android_Qt_6_9_1_Clang_arm64_v8a-Release/android-build/AndroidManifest.xml:18:13-117
121                android:name="android.app.splash_screen_drawable"
121-->Android_Qt_6_9_1_Clang_arm64_v8a-Release/android-build/AndroidManifest.xml:18:24-73
122                android:resource="@drawable/splashscreen" />
122-->Android_Qt_6_9_1_Clang_arm64_v8a-Release/android-build/AndroidManifest.xml:18:74-115
123            <meta-data
123-->Android_Qt_6_9_1_Clang_arm64_v8a-Release/android-build/AndroidManifest.xml:19:13-131
124                android:name="android.app.splash_screen_drawable_portrait"
124-->Android_Qt_6_9_1_Clang_arm64_v8a-Release/android-build/AndroidManifest.xml:19:24-82
125                android:resource="@drawable/splashscreen_port" />
125-->Android_Qt_6_9_1_Clang_arm64_v8a-Release/android-build/AndroidManifest.xml:19:83-129
126            <meta-data
126-->Android_Qt_6_9_1_Clang_arm64_v8a-Release/android-build/AndroidManifest.xml:20:13-132
127                android:name="android.app.splash_screen_drawable_landscape"
127-->Android_Qt_6_9_1_Clang_arm64_v8a-Release/android-build/AndroidManifest.xml:20:24-83
128                android:resource="@drawable/splashscreen_land" />
128-->Android_Qt_6_9_1_Clang_arm64_v8a-Release/android-build/AndroidManifest.xml:20:84-130
129            <meta-data
129-->Android_Qt_6_9_1_Clang_arm64_v8a-Release/android-build/AndroidManifest.xml:18:13-117
130                android:name="android.app.splash_screen_drawable"
130-->Android_Qt_6_9_1_Clang_arm64_v8a-Release/android-build/AndroidManifest.xml:18:24-73
131                android:resource="@drawable/splashscreen" />
131-->Android_Qt_6_9_1_Clang_arm64_v8a-Release/android-build/AndroidManifest.xml:18:74-115
132            <meta-data
132-->Android_Qt_6_9_1_Clang_arm64_v8a-Release/android-build/AndroidManifest.xml:19:13-131
133                android:name="android.app.splash_screen_drawable_portrait"
133-->Android_Qt_6_9_1_Clang_arm64_v8a-Release/android-build/AndroidManifest.xml:19:24-82
134                android:resource="@drawable/splashscreen_port" />
134-->Android_Qt_6_9_1_Clang_arm64_v8a-Release/android-build/AndroidManifest.xml:19:83-129
135            <meta-data
135-->Android_Qt_6_9_1_Clang_arm64_v8a-Release/android-build/AndroidManifest.xml:20:13-132
136                android:name="android.app.splash_screen_drawable_landscape"
136-->Android_Qt_6_9_1_Clang_arm64_v8a-Release/android-build/AndroidManifest.xml:20:24-83
137                android:resource="@drawable/splashscreen_land" />
137-->Android_Qt_6_9_1_Clang_arm64_v8a-Release/android-build/AndroidManifest.xml:20:84-130
138        </activity>
139        <!--
140             If this receiver listens for broadcasts sent from the system or from
141             other apps, even other apps that you own, set android:exported to "true".
142        -->
143        <receiver
143-->Android_Qt_6_9_1_Clang_arm64_v8a-Release/android-build/AndroidManifest.xml:39:9-43:20
144            android:name="org.qtproject.example.lowenergyscanner.broadcastReceiver"
144-->Android_Qt_6_9_1_Clang_arm64_v8a-Release/android-build/AndroidManifest.xml:39:19-52
145            android:exported="true" >
145-->Android_Qt_6_9_1_Clang_arm64_v8a-Release/android-build/AndroidManifest.xml:39:53-76
146            <intent-filter>
146-->Android_Qt_6_9_1_Clang_arm64_v8a-Release/android-build/AndroidManifest.xml:40:13-42:29
147                <action android:name="INTENT_ACTION_GRANT_USB" />
147-->Android_Qt_6_9_1_Clang_arm64_v8a-Release/android-build/AndroidManifest.xml:41:17-65
147-->Android_Qt_6_9_1_Clang_arm64_v8a-Release/android-build/AndroidManifest.xml:41:25-63
148            </intent-filter>
149        </receiver>
150    </application>
151
152</manifest>